<?xml version="1.0" encoding="UTF-8"?>
<!-- Generated by org.testng.reporters.JUnitXMLReporter -->
<testsuite ignored="1" hostname="Wessams-MBP" failures="0" tests="2" name="MainTest" time="9.801" errors="0" timestamp="2020-11-06T17:41:57 AEDT">
  <testcase classname="LoginTests" name="login" time="4.174"/>
  <testcase classname="LoginTests" name="login" time="2.036"/>
  <testcase classname="LoginTests" name="testGroups" time="0.0">
    <ignored/>
  </testcase> <!-- testGroups -->
</testsuite> <!-- MainTest -->
